<?xml version="1.0" encoding="UTF-8"?>
<!-- Generated by org.testng.reporters.JUnitReportReporter -->
<testsuite hostname="DESKTOP-8CVIPB8" failures="0" tests="1" name="Nisha.MyCuteBaby" time="120.815" errors="0" timestamp="2022-12-21T16:23:16 IST" skipped="0">
  <testcase classname="Nisha.MyCuteBaby" name="test" time="120.815"/>
  <system-out/>
</testsuite> <!-- Nisha.MyCuteBaby -->
