<?xml version="1.0" encoding="UTF-8"?>
<!-- Generated by org.testng.reporters.JUnitReportReporter -->
<testsuite hostname="DESKTOP-8CVIPB8" failures="0" tests="1" name="PracticeJenkins" time="0.015" errors="0" timestamp="2022-12-20T15:40:35 IST" skipped="0">
  <testcase classname="PracticeJenkins" name="test" time="0.015"/>
  <system-out/>
</testsuite> <!-- PracticeJenkins -->
