<?xml version="1.0" encoding="UTF-8"?>
<!-- Generated by org.testng.reporters.JUnitReportReporter -->
<testsuite hostname="DESKTOP-8CVIPB8" failures="0" tests="1" name="PracticeTest.PracticeMavenTest" time="0.009" errors="0" timestamp="2022-12-21T11:33:21 IST" skipped="0">
  <testcase classname="PracticeTest.PracticeMavenTest" name="test" time="0.009"/>
  <system-out/>
</testsuite> <!-- PracticeTest.PracticeMavenTest -->
