<?xml version="1.0" encoding="UTF-8"?>
<!-- Generated by org.testng.reporters.JUnitReportReporter -->
<testsuite hostname="DESKTOP-8CVIPB8" failures="0" tests="1" name="PracticeTest.Practice2" time="0.011" errors="0" timestamp="2022-12-21T11:34:40 IST" skipped="0">
  <testcase classname="PracticeTest.Practice2" name="test" time="0.011"/>
  <system-out/>
</testsuite> <!-- PracticeTest.Practice2 -->
