<?xml version="1.0" encoding="UTF-8"?>
<!-- Generated by org.testng.reporters.JUnitReportReporter -->
<testsuite hostname="DESKTOP-8CVIPB8" name="PracticeTest.PracticeMavenTest" tests="1" failures="0" timestamp="22 Dec 2022 11:02:47 GMT" time="0.009" errors="0">
  <testcase name="test" time="0.009" classname="PracticeTest.PracticeMavenTest"/>
</testsuite> <!-- PracticeTest.PracticeMavenTest -->
