<?xml version="1.0" encoding="UTF-8"?>
<!-- Generated by org.testng.reporters.JUnitReportReporter -->
<testsuite hostname="DESKTOP-8CVIPB8" name="PracticeTest.PracticeMavenTest" tests="1" failures="0" timestamp="21 Dec 2022 06:19:42 GMT" time="0.012" errors="0">
  <testcase name="test" time="0.012" classname="PracticeTest.PracticeMavenTest"/>
</testsuite> <!-- PracticeTest.PracticeMavenTest -->
