<?xml version="1.0" encoding="UTF-8"?>
<!-- Generated by org.testng.reporters.JUnitReportReporter -->
<testsuite hostname="DESKTOP-8CVIPB8" name="PracticeTest.BuildPreparation" tests="1" failures="0" timestamp="21 Dec 2022 06:48:35 GMT" time="0.013" errors="0">
  <testcase name="test" time="0.013" classname="PracticeTest.BuildPreparation"/>
</testsuite> <!-- PracticeTest.BuildPreparation -->
