<?xml version="1.0" encoding="UTF-8"?>
<!-- Generated by org.testng.reporters.JUnitReportReporter -->
<testsuite hostname="DESKTOP-8CVIPB8" name="Staging.Sanity" tests="1" failures="0" timestamp="21 Dec 2022 07:41:50 GMT" time="0.009" errors="0">
  <testcase name="test" time="0.009" classname="Staging.Sanity"/>
</testsuite> <!-- Staging.Sanity -->
