<?xml version="1.0" encoding="UTF-8"?>
<!-- Generated by org.testng.reporters.JUnitReportReporter -->
<testsuite hostname="DESKTOP-8CVIPB8" name="PracticeJenkins" tests="1" failures="0" timestamp="20 Dec 2022 10:11:00 GMT" time="0.012" errors="0">
  <testcase name="test" time="0.012" classname="PracticeJenkins"/>
</testsuite> <!-- PracticeJenkins -->
