<?xml version="1.0" encoding="UTF-8"?>
<!-- Generated by org.testng.reporters.JUnitReportReporter -->
<testsuite hostname="DESKTOP-8CVIPB8" name="PracticeTest.Practice2" tests="1" failures="0" timestamp="21 Dec 2022 07:03:37 GMT" time="0.012" errors="0">
  <testcase name="test" time="0.012" classname="PracticeTest.Practice2"/>
</testsuite> <!-- PracticeTest.Practice2 -->
