<?xml version="1.0" encoding="UTF-8"?>
<!-- Generated by org.testng.reporters.JUnitReportReporter -->
<testsuite hostname="DESKTOP-8CVIPB8" name="Nisha.MyCuteBaby" tests="1" failures="0" timestamp="21 Dec 2022 16:33:09 GMT" time="51.223" errors="0">
  <testcase name="test" time="51.223" classname="Nisha.MyCuteBaby"/>
</testsuite> <!-- Nisha.MyCuteBaby -->
